Using pre-set license
Built from '2020.3/release' branch; Version is '2020.3.2f1 (8fd9074bf66c) revision 9427207'; Using compiler version '192528614'; Build Type 'Release'
OS: 'Windows 10 Home; OS build 19042.928; Version 2009; 64bit' Language: 'en' Physical Memory: 16295 MB
BatchMode: 1, IsHumanControllingUs: 0, StartBugReporterOnCrash: 0, Is64bit: 1, IsPro: 0

 COMMAND LINE ARGUMENTS:
D:\Program Files (x86)\Unity\2020.3.2f1\Editor\Unity.exe
-adb2
-batchMode
-noUpm
-name
AssetImportWorker0
-projectPath
D:/Reatured/0.2 Unity/A_GameProject/Week 6
-logFile
Logs/AssetImportWorker0.log
-srvPort
56372
Successfully changed project path to: D:/Reatured/0.2 Unity/A_GameProject/Week 6
D:/Reatured/0.2 Unity/A_GameProject/Week 6
Using Asset Import Pipeline V2.
Refreshing native plugins compatible for Editor in 21.12 ms, found 0 plugins.
Preloading 0 native plugins for Editor in 0.00 ms.
Initialize engine version: 2020.3.2f1 (8fd9074bf66c)
[Subsystems] Discovering subsystems at path D:/Program Files (x86)/Unity/2020.3.2f1/Editor/Data/Resources/UnitySubsystems
[Subsystems] Discovering subsystems at path D:/Reatured/0.2 Unity/A_GameProject/Week 6/Assets
GfxDevice: creating device client; threaded=0
Direct3D:
    Version:  Direct3D 11.0 [level 11.1]
    Renderer: NVIDIA GeForce RTX 2070 (ID=0x1f02)
    Vendor:   
    VRAM:     8031 MB
    Driver:   27.21.14.6172
Initialize mono
Mono path[0] = 'D:/Program Files (x86)/Unity/2020.3.2f1/Editor/Data/Managed'
Mono path[1] = 'D:/Program Files (x86)/Unity/2020.3.2f1/Editor/Data/MonoBleedingEdge/lib/mono/unityjit'
Mono config path = 'D:/Program Files (x86)/Unity/2020.3.2f1/Editor/Data/MonoBleedingEdge/etc'
Using monoOptions --debugger-agent=transport=dt_socket,embedding=1,server=y,suspend=n,address=127.0.0.1:56476
Begin MonoManager ReloadAssembly
Registering precompiled unity dll's ...
Register platform support module: D:/Program Files (x86)/Unity/2020.3.2f1/Editor/Data/PlaybackEngines/WebGLSupport/UnityEditor.WebGL.Extensions.dll
Register platform support module: D:/Program Files (x86)/Unity/2020.3.2f1/Editor/Data/PlaybackEngines/MacStandaloneSupport/UnityEditor.OSXStandalone.Extensions.dll
Register platform support module: D:/Program Files (x86)/Unity/2020.3.2f1/Editor/Data/PlaybackEngines/WindowsStandaloneSupport/UnityEditor.WindowsStandalone.Extensions.dll
Registered in 0.000978 seconds.
Native extension for WindowsStandalone target not found
Native extension for OSXStandalone target not found
Native extension for WebGL target not found
Refreshing native plugins compatible for Editor in 29.41 ms, found 0 plugins.
Preloading 0 native plugins for Editor in 0.00 ms.
Invoked RoslynAnalysisRunner static constructor.
RoslynAnalysisRunner will not be running.
RoslynAnalysisRunner has terminated.
Mono: successfully reloaded assembly
- Completed reload, in  1.191 seconds
Platform modules already initialized, skipping
Registering precompiled user dll's ...
Registered in 0.000355 seconds.
Begin MonoManager ReloadAssembly
Native extension for WindowsStandalone target not found
Native extension for OSXStandalone target not found
Native extension for WebGL target not found
Refreshing native plugins compatible for Editor in 29.41 ms, found 0 plugins.
Preloading 0 native plugins for Editor in 0.00 ms.
Invoked RoslynAnalysisRunner static constructor.
RoslynAnalysisRunner will not be running.
RoslynAnalysisRunner has terminated.
Mono: successfully reloaded assembly
- Completed reload, in  0.729 seconds
Platform modules already initialized, skipping
========================================================================
Worker process is ready to serve import requests
Launched and connected shader compiler UnityShaderCompiler.exe after 0.03 seconds
Refreshing native plugins compatible for Editor in 0.21 ms, found 0 plugins.
Preloading 0 native plugins for Editor in 0.00 ms.
Unloading 1418 Unused Serialized files (Serialized files now loaded: 0)
System memory in use before: 80.0 MB.
System memory in use after: 80.0 MB.

Unloading 12 unused Assets to reduce memory usage. Loaded Objects now: 1876.
Total: 1.794500 ms (FindLiveObjects: 0.213900 ms CreateObjectMapping: 0.088600 ms MarkObjects: 1.420500 ms  DeleteObjects: 0.070200 ms)

========================================================================
Received Import Request.
  path: Assets/Models/MultifunctionalTowerPreview.fbx
  artifactKey: Guid(508193686eb401d48ae0e04c4a1b0c3b) Importer(815301076,1909f56bfc062723c751e8b465ee728b)
Start importing Assets/Models/MultifunctionalTowerPreview.fbx using Guid(508193686eb401d48ae0e04c4a1b0c3b) Importer(815301076,1909f56bfc062723c751e8b465ee728b)  -> (artifact id: '2be655047fcd3ba041ec6cd24c7417e4') in 0.215415 seconds
  Import took 0.226280 seconds .

========================================================================
Received Import Request.
  Time since last request: 0.000139 seconds.
  path: Assets/Models/Props.png
  artifactKey: Guid(8be5678fbe5f50043ad2a13f13003e68) Importer(815301076,1909f56bfc062723c751e8b465ee728b)
Start importing Assets/Models/Props.png using Guid(8be5678fbe5f50043ad2a13f13003e68) Importer(815301076,1909f56bfc062723c751e8b465ee728b)  -> (artifact id: 'a30639ed5acff704fad32c6182442c95') in 0.020138 seconds
  Import took 0.022794 seconds .

========================================================================
Received Import Request.
  Time since last request: 0.000150 seconds.
  path: Assets/Models/character.fbx
  artifactKey: Guid(702e9643645088c44a1e5fedc9b68eb7) Importer(815301076,1909f56bfc062723c751e8b465ee728b)
Start importing Assets/Models/character.fbx using Guid(702e9643645088c44a1e5fedc9b68eb7) Importer(815301076,1909f56bfc062723c751e8b465ee728b)  -> (artifact id: 'fa4073afd5cdefd2fdc5de1577a87095') in 0.236805 seconds
  Import took 0.266173 seconds .

========================================================================
Received Import Request.
  Time since last request: 0.000148 seconds.
  path: Assets/Models/JumpPadCollider.fbx
  artifactKey: Guid(e08a32a401d2e4f48b791d43cf6a1612) Importer(815301076,1909f56bfc062723c751e8b465ee728b)
Start importing Assets/Models/JumpPadCollider.fbx using Guid(e08a32a401d2e4f48b791d43cf6a1612) Importer(815301076,1909f56bfc062723c751e8b465ee728b)  -> (artifact id: '7a2dc0eb2f9b4b6cd72035962293e6a2') in 0.014648 seconds
  Import took 0.016774 seconds .

========================================================================
Received Import Request.
  Time since last request: 0.000165 seconds.
  path: Assets/Models/CP_Props_base_emission_colors.png
  artifactKey: Guid(91ce6e422fa89f64c8080f693d557bd6) Importer(815301076,1909f56bfc062723c751e8b465ee728b)
Start importing Assets/Models/CP_Props_base_emission_colors.png using Guid(91ce6e422fa89f64c8080f693d557bd6) Importer(815301076,1909f56bfc062723c751e8b465ee728b)  -> (artifact id: 'acd6ac08b89aa467e91ee2ccd5992ae7') in 0.006755 seconds
  Import took 0.008844 seconds .

========================================================================
Received Prepare
Refreshing native plugins compatible for Editor in 0.51 ms, found 0 plugins.
Preloading 0 native plugins for Editor in 0.00 ms.
Unloading 3 Unused Serialized files (Serialized files now loaded: 0)
System memory in use before: 69.2 MB.
System memory in use after: 69.3 MB.

Unloading 3 unused Assets to reduce memory usage. Loaded Objects now: 1922.
Total: 1.833900 ms (FindLiveObjects: 0.157800 ms CreateObjectMapping: 0.047700 ms MarkObjects: 1.574700 ms  DeleteObjects: 0.052900 ms)

========================================================================
Received Import Request.
  Time since last request: 4.780702 seconds.
  path: Assets/Input/FPController.inputactions
  artifactKey: Guid(c488487648e427f40ac9ae6b540ddb7a) Importer(815301076,1909f56bfc062723c751e8b465ee728b)
Start importing Assets/Input/FPController.inputactions using Guid(c488487648e427f40ac9ae6b540ddb7a) Importer(815301076,1909f56bfc062723c751e8b465ee728b)  -> (artifact id: '264ae7e2663365baec0dd4acf96f18e1') in 0.012184 seconds
  Import took 0.014349 seconds .

========================================================================
Received Prepare
Registering precompiled user dll's ...
Registered in 0.000342 seconds.
Begin MonoManager ReloadAssembly
Native extension for WindowsStandalone target not found
Native extension for OSXStandalone target not found
Native extension for WebGL target not found
Refreshing native plugins compatible for Editor in 0.25 ms, found 0 plugins.
Preloading 0 native plugins for Editor in 0.00 ms.
Invoked RoslynAnalysisRunner static constructor.
RoslynAnalysisRunner will not be running.
RoslynAnalysisRunner has terminated.
Mono: successfully reloaded assembly
- Completed reload, in  0.649 seconds
Platform modules already initialized, skipping
Refreshing native plugins compatible for Editor in 0.22 ms, found 0 plugins.
Preloading 0 native plugins for Editor in 0.00 ms.
Unloading 1411 Unused Serialized files (Serialized files now loaded: 0)
System memory in use before: 97.0 MB.
System memory in use after: 97.1 MB.

Unloading 6 unused Assets to reduce memory usage. Loaded Objects now: 1924.
Total: 1.661000 ms (FindLiveObjects: 0.224000 ms CreateObjectMapping: 0.053400 ms MarkObjects: 1.328000 ms  DeleteObjects: 0.054600 ms)

========================================================================
Received Prepare
Registering precompiled user dll's ...
Registered in 0.000322 seconds.
Begin MonoManager ReloadAssembly
Native extension for WindowsStandalone target not found
Native extension for OSXStandalone target not found
Native extension for WebGL target not found
Refreshing native plugins compatible for Editor in 0.22 ms, found 0 plugins.
Preloading 0 native plugins for Editor in 0.00 ms.
Invoked RoslynAnalysisRunner static constructor.
RoslynAnalysisRunner will not be running.
RoslynAnalysisRunner has terminated.
Mono: successfully reloaded assembly
- Completed reload, in  0.649 seconds
Platform modules already initialized, skipping
Refreshing native plugins compatible for Editor in 0.23 ms, found 0 plugins.
Preloading 0 native plugins for Editor in 0.00 ms.
Unloading 1412 Unused Serialized files (Serialized files now loaded: 0)
System memory in use before: 97.1 MB.
System memory in use after: 97.1 MB.

Unloading 5 unused Assets to reduce memory usage. Loaded Objects now: 1928.
Total: 1.973800 ms (FindLiveObjects: 0.235400 ms CreateObjectMapping: 0.100300 ms MarkObjects: 1.584000 ms  DeleteObjects: 0.053100 ms)

